<?xml version="1.0" encoding="UTF-8"?>
<!-- Generated by org.testng.reporters.JUnitXMLReporter -->
<testsuite ignored="0" hostname="DESKTOP-SUCKV7U" failures="1" tests="2" name="Test" time="52.198" errors="0" timestamp="2021-07-29T13:48:47 IST">
  <testcase classname="Maven_Sample.Zoop.TC_RC_Valid_Authentication_100" name="APIResponse" time="50.956">
    <failure type="java.lang.AssertionError" message="expected [100] but found [108]">
      <![CDATA[java.lang.AssertionError: expected [100] but found [108]
at Maven_Sample.Zoop.TC_RC_Valid_Authentication_100.APIResponse(TC_RC_Valid_Authentication_100.java:139)
at java.base/java.util.ArrayList.forEach(ArrayList.java:1511)
... Removed 42 stack frames]]>
    </failure>
  </testcase> <!-- APIResponse -->
  <testcase classname="Maven_Sample.Zoop.TC_Blank_API_key" name="APIResponse" time="1.175"/>
</testsuite> <!-- Test -->
