<?xml version="1.0" encoding="UTF-8"?>
<testng-results skipped="0" failed="0" ignored="0" total="1" passed="1">
  <reporter-output>
  </reporter-output>
  <suite name="Suite" duration-ms="4900" started-at="2021-07-29T17:51:59 IST" finished-at="2021-07-29T17:52:04 IST">
    <groups>
    </groups>
    <test name="Test" duration-ms="4900" started-at="2021-07-29T17:51:59 IST" finished-at="2021-07-29T17:52:04 IST">
      <class name="Maven_Sample.Zoop.TC_Blank_API_key">
        <test-method status="PASS" signature="APIResponse()[pri:0, instance:Maven_Sample.Zoop.TC_Blank_API_key@233fe9b6]" name="APIResponse" duration-ms="4846" started-at="2021-07-29T17:51:59 IST" finished-at="2021-07-29T17:52:04 IST">
          <reporter-output>
          </reporter-output>
        </test-method> <!-- APIResponse -->
      </class> <!-- Maven_Sample.Zoop.TC_Blank_API_key -->
    </test> <!-- Test -->
  </suite> <!-- Suite -->
</testng-results>
