<?xml version="1.0" encoding="UTF-8"?>
<testng-results total="1" passed="1" failed="0" skipped="0">
  <reporter-output>
  </reporter-output>
  <suite started-at="2021-07-29T13:49:38Z" name="Suite" finished-at="2021-07-29T13:49:43Z" duration-ms="4442">
    <groups>
    </groups>
    <test started-at="2021-07-29T13:49:38Z" name="Test" finished-at="2021-07-29T13:49:43Z" duration-ms="4442">
      <class name="Maven_Sample.Zoop.TC_Blank_API_key">
        <test-method signature="APIResponse()[pri:0, instance:Maven_Sample.Zoop.TC_Blank_API_key@5cdec700]" started-at="2021-07-29T19:19:38Z" name="APIResponse" finished-at="2021-07-29T19:19:43Z" duration-ms="4425" status="PASS">
          <reporter-output>
          </reporter-output>
        </test-method> <!-- APIResponse -->
      </class> <!-- Maven_Sample.Zoop.TC_Blank_API_key -->
    </test> <!-- Test -->
  </suite> <!-- Suite -->
</testng-results>
