<?xml version="1.0" encoding="UTF-8" ?>
<testsuite tests="2" failures="1" name="TestSuite" time="58.11" errors="0" skipped="0">
  <properties>
[...]
</properties>
  <testcase classname="Maven_Sample.Zoop.TC_RC_Valid_Authentication_100" name="APIResponse" time="57.618">
    <failure message="expected [100] but found [108]" type="java.lang.AssertionError">java.lang.AssertionError: expected [100] but found [108]
	at org.testng.Assert.fail(Assert.java:99)
	at org.testng.Assert.failNotEquals(Assert.java:1037)
	at org.testng.Assert.assertEqualsImpl(Assert.java:140)
	at org.testng.Assert.assertEquals(Assert.java:122)
	at org.testng.Assert.assertEquals(Assert.java:629)
	at org.testng.Assert.assertEquals(Assert.java:639)
	at Maven_Sample.Zoop.TC_RC_Valid_Authentication_100.APIResponse(TC_RC_Valid_Authentication_100.java:139)
</failure>
    <system-out>mode is:sync
vehicle_registration_number is:GJ06AU0048
consent:Y
consent_text is:RC Lite is Verified by author
Map is:{consent_text=RC Lite is Verified by author, vehicle_registration_number=GJ06AU0048, consent=Y}
HTTP/1.1 503 Service Unavailable
access-control-allow-origin: *
x-dns-prefetch-control: off
x-frame-options: SAMEORIGIN
strict-transport-security: max-age=15552000; includeSubDomains
x-download-options: noopen
x-content-type-options: nosniff
x-xss-protection: 1; mode=block
content-type: application/json; charset=utf-8
content-length: 361
etag: W/&quot;169-LbrJu2CZr4XD2aiC0MohQOwbqWM&quot;
vary: Accept-Encoding
date: Thu, 29 Jul 2021 08:44:45 GMT
x-envoy-upstream-service-time: 52232
server: istio-envoy

{
    &quot;request_id&quot;: &quot;76d84bfa-c12a-4241-af08-a228b2a33557&quot;,
    &quot;task_id&quot;: &quot;15b8db6b-f0c8-4255-baf2-66d392f0dfcd&quot;,
    &quot;group_id&quot;: &quot;2aeeba58-1211-495e-9e03-a84abd84cb28&quot;,
    &quot;success&quot;: false,
    &quot;response_code&quot;: &quot;108&quot;,
    &quot;response_message&quot;: &quot;Source Error&quot;,
    &quot;metadata&quot;: {
        &quot;billable&quot;: &quot;N&quot;
    },
    &quot;result&quot;: null,
    &quot;request_timestamp&quot;: &quot;2021-07-29T08:43:53.492Z&quot;,
    &quot;response_timestamp&quot;: &quot;2021-07-29T08:44:45.702Z&quot;
}
MAP :{consent_text=RC Lite is Verified by author, vehicle_registration_number=GJ06AU0048, consent=Y}
user_name is :null
Response Code is :108
Response Message is :Source Error
Billable is :N
</system-out>
  </testcase>
  <testcase classname="Maven_Sample.Zoop.TC_Blank_API_key" name="APIResponse" time="0.492"/>
</testsuite>