<?xml version="1.0" encoding="UTF-8"?>
<testng-results ignored="0" total="1" passed="1" failed="0" skipped="0">
  <reporter-output>
  </reporter-output>
  <suite started-at="2021-07-29T13:01:22 IST" name="Default suite" finished-at="2021-07-29T13:01:22 IST" duration-ms="80">
    <groups>
    </groups>
    <test started-at="2021-07-29T13:01:22 IST" name="Default test" finished-at="2021-07-29T13:01:22 IST" duration-ms="80">
      <class name="Maven_Sample.Zoop.FirstClass">
        <test-method signature="f()[pri:0, instance:Maven_Sample.Zoop.FirstClass@4a668b6e]" started-at="2021-07-29T13:01:22 IST" name="f" finished-at="2021-07-29T13:01:22 IST" duration-ms="18" status="PASS">
          <reporter-output>
          </reporter-output>
        </test-method> <!-- f -->
      </class> <!-- Maven_Sample.Zoop.FirstClass -->
    </test> <!-- Default test -->
  </suite> <!-- Default suite -->
</testng-results>
